2026-03-29 16:42:13 | INFO | CI | === RUN START ===
2026-03-29 16:42:13 | INFO | CI | project=MODULE 4: EVTL PIPELINE
2026-03-29 16:42:13 | INFO | CI | repo_dir=nlp-04-api-text-data
2026-03-29 16:42:13 | INFO | CI | python=3.14.0
2026-03-29 16:42:13 | INFO | CI | os=Windows 11
2026-03-29 16:42:13 | INFO | CI | shell=powershell
2026-03-29 16:42:13 | INFO | CI | cwd=.
2026-03-29 16:42:13 | INFO | CI | github_actions=False
2026-03-29 16:42:13 | INFO | CI | START PIPELINE
2026-03-29 16:42:13 | INFO | CI | ROOT_PATH = .
2026-03-29 16:42:13 | INFO | CI | DATA_PATH = data
2026-03-29 16:42:13 | INFO | CI | RAW_PATH = data\raw
2026-03-29 16:42:13 | INFO | CI | PROCESSED_PATH = data\processed
2026-03-29 16:42:13 | INFO | CI | ========================
2026-03-29 16:42:13 | INFO | CI | STAGE 01: EXTRACT starting...
2026-03-29 16:42:13 | INFO | CI | ========================
2026-03-29 16:42:13 | INFO | CI | SOURCE PATH = https://jsonplaceholder.typicode.com/posts
2026-03-29 16:42:13 | INFO | CI | SINK PATH = data\raw\case_raw.json
2026-03-29 16:42:13 | INFO | CI | ========================
2026-03-29 16:42:13 | INFO | CI | STAGE 02: VALIDATE starting...
2026-03-29 16:42:13 | INFO | CI | ========================
2026-03-29 16:42:13 | INFO | CI | JSON STRUCTURE INSPECTION:
2026-03-29 16:42:13 | INFO | CI | Top-level type: list
2026-03-29 16:42:13 | INFO | CI | Keys in first record: ['userId', 'id', 'title', 'body']
2026-03-29 16:42:13 | INFO | CI | Field types:
2026-03-29 16:42:13 | INFO | CI | userId: int
2026-03-29 16:42:13 | INFO | CI | id: int
2026-03-29 16:42:13 | INFO | CI | title: str
2026-03-29 16:42:13 | INFO | CI | body: str
2026-03-29 16:42:13 | INFO | CI | Validation passed.
2026-03-29 16:42:13 | INFO | CI | Sink: validated JSON object
2026-03-29 16:42:13 | INFO | CI | ========================
2026-03-29 16:42:13 | INFO | CI | STAGE 03: TRANSFORM starting...
2026-03-29 16:42:13 | INFO | CI | ========================
2026-03-29 16:42:13 | INFO | CI | Transformation complete.
2026-03-29 16:42:13 | INFO | CI | DataFrame preview:
shape: (5, 6)
┌─────────┬─────────┬─────────────────────────────┬────────────────────────────┬──────────────┬─────────────┐
│ user_id ┆ post_id ┆ title                       ┆ body                       ┆ title_length ┆ body_length │
│ ---     ┆ ---     ┆ ---                         ┆ ---                        ┆ ---          ┆ ---         │
│ i64     ┆ i64     ┆ str                         ┆ str                        ┆ u32          ┆ u32         │
╞═════════╪═════════╪═════════════════════════════╪════════════════════════════╪══════════════╪═════════════╡
│ 1       ┆ 1       ┆ sunt aut facere repellat    ┆ quia et suscipit           ┆ 74           ┆ 158         │
│         ┆         ┆ provi…                      ┆ suscipit recu…             ┆              ┆             │
│ 1       ┆ 2       ┆ qui est esse                ┆ est rerum tempore vitae    ┆ 12           ┆ 206         │
│         ┆         ┆                             ┆ sequi …                    ┆              ┆             │
│ 1       ┆ 3       ┆ ea molestias quasi          ┆ et iusto sed quo iure      ┆ 59           ┆ 164         │
│         ┆         ┆ exercitatio…                ┆ voluptat…                  ┆              ┆             │
│ 1       ┆ 4       ┆ eum et est occaecati        ┆ ullam et saepe reiciendis  ┆ 20           ┆ 190         │
│         ┆         ┆                             ┆ volu…                      ┆              ┆             │
│ 1       ┆ 5       ┆ nesciunt quas odio          ┆ repudiandae veniam quaerat ┆ 18           ┆ 147         │
│         ┆         ┆                             ┆ sun…                       ┆              ┆             │
└─────────┴─────────┴─────────────────────────────┴────────────────────────────┴──────────────┴─────────────┘
2026-03-29 16:42:13 | INFO | CI | Sink: Polars DataFrame created
2026-03-29 16:42:13 | INFO | CI | ========================
2026-03-29 16:42:13 | INFO | CI | STAGE 04: LOAD starting...
2026-03-29 16:42:13 | INFO | CI | ========================
2026-03-29 16:42:13 | INFO | CI | SINK PATH = data\processed\case_processed.csv
2026-03-29 16:42:13 | INFO | CI | ========================
2026-03-29 16:42:13 | INFO | CI | Pipeline executed successfully!
2026-03-29 16:42:13 | INFO | CI | ========================
2026-03-30 22:31:09 | INFO | CI | === RUN START ===
2026-03-30 22:31:09 | INFO | CI | project=MODULE 4: EVTL PIPELINE
2026-03-30 22:31:09 | INFO | CI | repo_dir=nlp-04-api-text-data
2026-03-30 22:31:09 | INFO | CI | python=3.14.0
2026-03-30 22:31:09 | INFO | CI | os=Windows 11
2026-03-30 22:31:09 | INFO | CI | shell=powershell
2026-03-30 22:31:09 | INFO | CI | cwd=.
2026-03-30 22:31:09 | INFO | CI | github_actions=False
2026-03-30 22:31:09 | INFO | CI | START PIPELINE
2026-03-30 22:31:09 | INFO | CI | ROOT_PATH = .
2026-03-30 22:31:09 | INFO | CI | DATA_PATH = data
2026-03-30 22:31:09 | INFO | CI | RAW_PATH = data\raw
2026-03-30 22:31:09 | INFO | CI | PROCESSED_PATH = data\processed
2026-03-30 22:31:09 | INFO | CI | ========================
2026-03-30 22:31:09 | INFO | CI | STAGE 01: EXTRACT starting... 
2026-03-30 22:31:09 | INFO | CI | ========================
2026-03-30 22:31:09 | INFO | CI | SOURCE PATH = https://jsonplaceholder.typicode.com/posts
2026-03-30 22:31:09 | INFO | CI | SINK PATH = data\raw\case_raw.json
2026-03-30 22:31:09 | INFO | CI | ========================
2026-03-30 22:31:09 | INFO | CI | STAGE 02: VALIDATE starting...
2026-03-30 22:31:09 | INFO | CI | ========================
2026-03-30 22:31:09 | INFO | CI | JSON STRUCTURE INSPECTION:
2026-03-30 22:31:09 | INFO | CI | Top-level type: list
2026-03-30 22:31:09 | INFO | CI | Keys in first record: ['userId', 'id', 'title', 'body']
2026-03-30 22:31:09 | INFO | CI | Field types:
2026-03-30 22:31:09 | INFO | CI | userId: int
2026-03-30 22:31:09 | INFO | CI | id: int
2026-03-30 22:31:09 | INFO | CI | title: str
2026-03-30 22:31:09 | INFO | CI | body: str
2026-03-30 22:31:09 | INFO | CI | Validation passed.
2026-03-30 22:31:09 | INFO | CI | Sink: validated JSON object
2026-03-30 22:31:09 | INFO | CI | ========================
2026-03-30 22:31:09 | INFO | CI | STAGE 03: TRANSFORM starting...
2026-03-30 22:31:09 | INFO | CI | ========================
2026-03-30 22:31:09 | INFO | CI | Transformation complete.
2026-03-30 22:31:09 | INFO | CI | DataFrame preview:
shape: (5, 6)
┌─────────┬─────────┬─────────────────────────────┬────────────────────────────┬──────────────┬─────────────┐
│ user_id ┆ post_id ┆ title                       ┆ body                       ┆ title_length ┆ body_length │
│ ---     ┆ ---     ┆ ---                         ┆ ---                        ┆ ---          ┆ ---         │
│ i64     ┆ i64     ┆ str                         ┆ str                        ┆ u32          ┆ u32         │
╞═════════╪═════════╪═════════════════════════════╪════════════════════════════╪══════════════╪═════════════╡
│ 1       ┆ 1       ┆ sunt aut facere repellat    ┆ quia et suscipit           ┆ 74           ┆ 158         │
│         ┆         ┆ provi…                      ┆ suscipit recu…             ┆              ┆             │
│ 1       ┆ 2       ┆ qui est esse                ┆ est rerum tempore vitae    ┆ 12           ┆ 206         │
│         ┆         ┆                             ┆ sequi …                    ┆              ┆             │
│ 1       ┆ 3       ┆ ea molestias quasi          ┆ et iusto sed quo iure      ┆ 59           ┆ 164         │
│         ┆         ┆ exercitatio…                ┆ voluptat…                  ┆              ┆             │
│ 1       ┆ 4       ┆ eum et est occaecati        ┆ ullam et saepe reiciendis  ┆ 20           ┆ 190         │
│         ┆         ┆                             ┆ volu…                      ┆              ┆             │
│ 1       ┆ 5       ┆ nesciunt quas odio          ┆ repudiandae veniam quaerat ┆ 18           ┆ 147         │
│         ┆         ┆                             ┆ sun…                       ┆              ┆             │
└─────────┴─────────┴─────────────────────────────┴────────────────────────────┴──────────────┴─────────────┘
2026-03-30 22:31:09 | INFO | CI | Sink: Polars DataFrame created
2026-03-30 22:31:09 | INFO | CI | ========================
2026-03-30 22:31:09 | INFO | CI | STAGE 04: LOAD starting...
2026-03-30 22:31:09 | INFO | CI | ========================
2026-03-30 22:31:09 | INFO | CI | SINK PATH = data\processed\case_processed.csv
2026-03-30 22:31:09 | INFO | CI | ========================
2026-03-30 22:31:09 | INFO | CI | Pipeline executed successfully!
2026-03-30 22:31:09 | INFO | CI | ========================
2026-03-30 22:38:29 | INFO | CI | === RUN START ===
2026-03-30 22:38:29 | INFO | CI | project=MODULE 4: EVTL PIPELINE
2026-03-30 22:38:29 | INFO | CI | repo_dir=nlp-04-api-text-data
2026-03-30 22:38:29 | INFO | CI | python=3.14.0
2026-03-30 22:38:29 | INFO | CI | os=Windows 11
2026-03-30 22:38:29 | INFO | CI | shell=powershell
2026-03-30 22:38:29 | INFO | CI | cwd=.
2026-03-30 22:38:29 | INFO | CI | github_actions=False
2026-03-30 22:38:29 | INFO | CI | START PIPELINE
2026-03-30 22:38:29 | INFO | CI | ROOT_PATH = .
2026-03-30 22:38:29 | INFO | CI | DATA_PATH = data
2026-03-30 22:38:29 | INFO | CI | RAW_PATH = data\raw
2026-03-30 22:38:29 | INFO | CI | PROCESSED_PATH = data\processed
2026-03-30 22:38:29 | INFO | CI | ========================
2026-03-30 22:38:29 | INFO | CI | STAGE 01: EXTRACT starting... 
2026-03-30 22:38:29 | INFO | CI | ========================
2026-03-30 22:38:29 | INFO | CI | SOURCE PATH = https://jsonplaceholder.typicode.com/posts
2026-03-30 22:38:29 | INFO | CI | SINK PATH = data\raw\case_raw.json
2026-03-30 22:38:29 | INFO | CI | ========================
2026-03-30 22:38:29 | INFO | CI | STAGE 02: VALIDATE starting...
2026-03-30 22:38:29 | INFO | CI | ========================
2026-03-30 22:38:29 | INFO | CI | JSON STRUCTURE INSPECTION:
2026-03-30 22:38:29 | INFO | CI | Top-level type: list
2026-03-30 22:38:29 | INFO | CI | Keys in first record: ['userId', 'id', 'title', 'body']
2026-03-30 22:38:29 | INFO | CI | Field types:
2026-03-30 22:38:29 | INFO | CI | userId: int
2026-03-30 22:38:29 | INFO | CI | id: int
2026-03-30 22:38:29 | INFO | CI | title: str
2026-03-30 22:38:29 | INFO | CI | body: str
2026-03-30 22:38:29 | INFO | CI | Custom validation: ensuring required fields exist.
2026-03-30 22:38:29 | INFO | CI | Sink: validated JSON object
2026-03-30 22:38:29 | INFO | CI | ========================
2026-03-30 22:38:29 | INFO | CI | STAGE 03: TRANSFORM starting...
2026-03-30 22:38:29 | INFO | CI | ========================
2026-03-30 22:38:29 | INFO | CI | Transformation complete.
2026-03-30 22:38:29 | INFO | CI | DataFrame preview:
shape: (5, 6)
┌─────────┬─────────┬─────────────────────────────┬────────────────────────────┬──────────────┬─────────────┐
│ user_id ┆ post_id ┆ title                       ┆ body                       ┆ title_length ┆ body_length │
│ ---     ┆ ---     ┆ ---                         ┆ ---                        ┆ ---          ┆ ---         │
│ i64     ┆ i64     ┆ str                         ┆ str                        ┆ u32          ┆ u32         │
╞═════════╪═════════╪═════════════════════════════╪════════════════════════════╪══════════════╪═════════════╡
│ 1       ┆ 1       ┆ sunt aut facere repellat    ┆ quia et suscipit           ┆ 74           ┆ 158         │
│         ┆         ┆ provi…                      ┆ suscipit recu…             ┆              ┆             │
│ 1       ┆ 2       ┆ qui est esse                ┆ est rerum tempore vitae    ┆ 12           ┆ 206         │
│         ┆         ┆                             ┆ sequi …                    ┆              ┆             │
│ 1       ┆ 3       ┆ ea molestias quasi          ┆ et iusto sed quo iure      ┆ 59           ┆ 164         │
│         ┆         ┆ exercitatio…                ┆ voluptat…                  ┆              ┆             │
│ 1       ┆ 4       ┆ eum et est occaecati        ┆ ullam et saepe reiciendis  ┆ 20           ┆ 190         │
│         ┆         ┆                             ┆ volu…                      ┆              ┆             │
│ 1       ┆ 5       ┆ nesciunt quas odio          ┆ repudiandae veniam quaerat ┆ 18           ┆ 147         │
│         ┆         ┆                             ┆ sun…                       ┆              ┆             │
└─────────┴─────────┴─────────────────────────────┴────────────────────────────┴──────────────┴─────────────┘
2026-03-30 22:38:29 | INFO | CI | Sink: Polars DataFrame created
2026-03-30 22:38:29 | INFO | CI | ========================
2026-03-30 22:38:29 | INFO | CI | STAGE 04: LOAD starting...
2026-03-30 22:38:29 | INFO | CI | ========================
2026-03-30 22:38:29 | INFO | CI | SINK PATH = data\processed\case_processed.csv
2026-03-30 22:38:29 | INFO | CI | ========================
2026-03-30 22:38:29 | INFO | CI | Pipeline executed successfully!
2026-03-30 22:38:29 | INFO | CI | ========================
2026-03-30 22:47:04 | INFO | CI | === RUN START ===
2026-03-30 22:47:04 | INFO | CI | project=MODULE 4: EVTL PIPELINE
2026-03-30 22:47:04 | INFO | CI | repo_dir=nlp-04-api-text-data
2026-03-30 22:47:04 | INFO | CI | python=3.14.0
2026-03-30 22:47:04 | INFO | CI | os=Windows 11
2026-03-30 22:47:04 | INFO | CI | shell=powershell
2026-03-30 22:47:04 | INFO | CI | cwd=.
2026-03-30 22:47:04 | INFO | CI | github_actions=False
2026-03-30 22:47:04 | INFO | CI | START PIPELINE
2026-03-30 22:47:04 | INFO | CI | ROOT_PATH = .
2026-03-30 22:47:04 | INFO | CI | DATA_PATH = data
2026-03-30 22:47:04 | INFO | CI | RAW_PATH = data\raw
2026-03-30 22:47:04 | INFO | CI | PROCESSED_PATH = data\processed
2026-03-30 22:47:04 | INFO | CI | ========================
2026-03-30 22:47:04 | INFO | CI | STAGE 01: EXTRACT starting... 
2026-03-30 22:47:04 | INFO | CI | ========================
2026-03-30 22:47:05 | INFO | CI | SOURCE PATH = https://jsonplaceholder.typicode.com/posts
2026-03-30 22:47:05 | INFO | CI | SINK PATH = data\raw\kiruthikaa_raw.json
2026-03-30 22:47:05 | INFO | CI | ========================
2026-03-30 22:47:05 | INFO | CI | STAGE 02: VALIDATE starting...
2026-03-30 22:47:05 | INFO | CI | ========================
2026-03-30 22:47:05 | INFO | CI | JSON STRUCTURE INSPECTION:
2026-03-30 22:47:05 | INFO | CI | Top-level type: list
2026-03-30 22:47:05 | INFO | CI | Keys in first record: ['userId', 'id', 'title', 'body']
2026-03-30 22:47:05 | INFO | CI | Field types:
2026-03-30 22:47:05 | INFO | CI | userId: int
2026-03-30 22:47:05 | INFO | CI | id: int
2026-03-30 22:47:05 | INFO | CI | title: str
2026-03-30 22:47:05 | INFO | CI | body: str
2026-03-30 22:47:05 | INFO | CI | Custom validation: ensuring required fields exist.
2026-03-30 22:47:05 | INFO | CI | Sink: validated JSON object
2026-03-30 22:47:05 | INFO | CI | ========================
2026-03-30 22:47:05 | INFO | CI | STAGE 03: TRANSFORM starting...
2026-03-30 22:47:05 | INFO | CI | ========================
2026-03-30 22:47:05 | INFO | CI | Transformation complete.
2026-03-30 22:47:05 | INFO | CI | DataFrame preview:
shape: (5, 6)
┌─────────┬─────────┬────────────────────┬────────────────────┬──────────────┬─────────────┐
│ user_id ┆ post_id ┆ title              ┆ body               ┆ title_length ┆ body_length │
│ ---     ┆ ---     ┆ ---                ┆ ---                ┆ ---          ┆ ---         │
│ i64     ┆ i64     ┆ str                ┆ str                ┆ u32          ┆ u32         │
╞═════════╪═════════╪════════════════════╪════════════════════╪══════════════╪═════════════╡
│ 1       ┆ 1       ┆ sunt aut facere    ┆ quia et suscipit   ┆ 74           ┆ 158         │
│         ┆         ┆ repellat provi…    ┆ suscipit recu…     ┆              ┆             │
│ 1       ┆ 2       ┆ qui est esse       ┆ est rerum tempore  ┆ 12           ┆ 206         │
│         ┆         ┆                    ┆ vitae              ┆              ┆             │
│         ┆         ┆                    ┆ sequi …            ┆              ┆             │
│ 1       ┆ 3       ┆ ea molestias quasi ┆ et iusto sed quo   ┆ 59           ┆ 164         │
│         ┆         ┆ exercitatio…       ┆ iure               ┆              ┆             │
│         ┆         ┆                    ┆ voluptat…          ┆              ┆             │
│ 1       ┆ 4       ┆ eum et est         ┆ ullam et saepe     ┆ 20           ┆ 190         │
│         ┆         ┆ occaecati          ┆ reiciendis volu…   ┆              ┆             │
│ 1       ┆ 5       ┆ nesciunt quas odio ┆ repudiandae veniam ┆ 18           ┆ 147         │
│         ┆         ┆                    ┆ quaerat sun…       ┆              ┆             │
└─────────┴─────────┴────────────────────┴────────────────────┴──────────────┴─────────────┘
2026-03-30 22:47:05 | INFO | CI | Sink: Polars DataFrame created
2026-03-30 22:47:05 | INFO | CI | ========================
2026-03-30 22:47:05 | INFO | CI | STAGE 04: LOAD starting...
2026-03-30 22:47:05 | INFO | CI | ========================
2026-03-30 22:47:05 | INFO | CI | SINK PATH = data\processed\kiruthikaa_processed.csv
2026-03-30 22:47:05 | INFO | CI | ========================
2026-03-30 22:47:05 | INFO | CI | Pipeline executed successfully!
2026-03-30 22:47:05 | INFO | CI | ========================
2026-03-30 22:57:30 | INFO | CI | === RUN START ===
2026-03-30 22:57:30 | INFO | CI | project=MODULE 4: EVTL PIPELINE
2026-03-30 22:57:30 | INFO | CI | repo_dir=nlp-04-api-text-data
2026-03-30 22:57:30 | INFO | CI | python=3.14.0
2026-03-30 22:57:30 | INFO | CI | os=Windows 11
2026-03-30 22:57:30 | INFO | CI | shell=powershell
2026-03-30 22:57:30 | INFO | CI | cwd=.
2026-03-30 22:57:30 | INFO | CI | github_actions=False
2026-03-30 22:57:30 | INFO | CI | START PIPELINE
2026-03-30 22:57:30 | INFO | CI | ROOT_PATH = .
2026-03-30 22:57:30 | INFO | CI | DATA_PATH = data
2026-03-30 22:57:30 | INFO | CI | RAW_PATH = data\raw
2026-03-30 22:57:30 | INFO | CI | PROCESSED_PATH = data\processed
2026-03-30 22:57:30 | INFO | CI | ========================
2026-03-30 22:57:30 | INFO | CI | STAGE 01: EXTRACT starting... 
2026-03-30 22:57:30 | INFO | CI | ========================
2026-03-30 22:57:30 | INFO | CI | SOURCE PATH = https://jsonplaceholder.typicode.com/posts
2026-03-30 22:57:30 | INFO | CI | SINK PATH = data\raw\kiruthikaa_raw.json
2026-03-30 22:57:30 | INFO | CI | ========================
2026-03-30 22:57:30 | INFO | CI | STAGE 02: VALIDATE starting...
2026-03-30 22:57:30 | INFO | CI | ========================
2026-03-30 22:57:30 | INFO | CI | JSON STRUCTURE INSPECTION:
2026-03-30 22:57:30 | INFO | CI | Top-level type: list
2026-03-30 22:57:30 | INFO | CI | Keys in first record: ['userId', 'id', 'title', 'body']
2026-03-30 22:57:30 | INFO | CI | Field types:
2026-03-30 22:57:30 | INFO | CI | userId: int
2026-03-30 22:57:30 | INFO | CI | id: int
2026-03-30 22:57:30 | INFO | CI | title: str
2026-03-30 22:57:30 | INFO | CI | body: str
2026-03-30 22:57:30 | INFO | CI | Custom validation: ensuring required fields exist.
2026-03-30 22:57:30 | INFO | CI | Sink: validated JSON object
2026-03-30 22:57:30 | INFO | CI | ========================
2026-03-30 22:57:30 | INFO | CI | STAGE 03: TRANSFORM starting...
2026-03-30 22:57:30 | INFO | CI | ========================
2026-03-30 22:57:30 | INFO | CI | Transformation complete.
2026-03-30 22:57:30 | INFO | CI | DataFrame preview:
shape: (5, 7)
┌─────────┬─────────┬──────────────┬──────────────┬─────────────┬─────────────┬────────────┐
│ user_id ┆ post_id ┆ title        ┆ body         ┆ title_lengt ┆ body_length ┆ word_count │
│ ---     ┆ ---     ┆ ---          ┆ ---          ┆ h           ┆ ---         ┆ ---        │
│ i64     ┆ i64     ┆ str          ┆ str          ┆ ---         ┆ u32         ┆ u32        │
│         ┆         ┆              ┆              ┆ u32         ┆             ┆            │
╞═════════╪═════════╪══════════════╪══════════════╪═════════════╪═════════════╪════════════╡
│ 1       ┆ 1       ┆ sunt aut     ┆ quia et      ┆ 74          ┆ 158         ┆ 20         │
│         ┆         ┆ facere       ┆ suscipit     ┆             ┆             ┆            │
│         ┆         ┆ repellat     ┆ suscipit     ┆             ┆             ┆            │
│         ┆         ┆ provi…       ┆ recu…        ┆             ┆             ┆            │
│ 1       ┆ 2       ┆ qui est esse ┆ est rerum    ┆ 12          ┆ 206         ┆ 28         │
│         ┆         ┆              ┆ tempore      ┆             ┆             ┆            │
│         ┆         ┆              ┆ vitae        ┆             ┆             ┆            │
│         ┆         ┆              ┆ sequi …      ┆             ┆             ┆            │
│ 1       ┆ 3       ┆ ea molestias ┆ et iusto sed ┆ 59          ┆ 164         ┆ 23         │
│         ┆         ┆ quasi        ┆ quo iure     ┆             ┆             ┆            │
│         ┆         ┆ exercitatio… ┆ voluptat…    ┆             ┆             ┆            │
│ 1       ┆ 4       ┆ eum et est   ┆ ullam et     ┆ 20          ┆ 190         ┆ 25         │
│         ┆         ┆ occaecati    ┆ saepe        ┆             ┆             ┆            │
│         ┆         ┆              ┆ reiciendis   ┆             ┆             ┆            │
│         ┆         ┆              ┆ volu…        ┆             ┆             ┆            │
│ 1       ┆ 5       ┆ nesciunt     ┆ repudiandae  ┆ 18          ┆ 147         ┆ 20         │
│         ┆         ┆ quas odio    ┆ veniam       ┆             ┆             ┆            │
│         ┆         ┆              ┆ quaerat sun… ┆             ┆             ┆            │
└─────────┴─────────┴──────────────┴──────────────┴─────────────┴─────────────┴────────────┘
2026-03-30 22:57:30 | INFO | CI | Sink: Polars DataFrame created
2026-03-30 22:57:30 | INFO | CI | ========================
2026-03-30 22:57:30 | INFO | CI | STAGE 04: LOAD starting...
2026-03-30 22:57:30 | INFO | CI | ========================
2026-03-30 22:57:30 | INFO | CI | SINK PATH = data\processed\kiruthikaa_processed.csv
2026-03-30 22:57:30 | INFO | CI | ========================
2026-03-30 22:57:30 | INFO | CI | Pipeline executed successfully!
2026-03-30 22:57:30 | INFO | CI | ========================
2026-03-31 21:51:15 | INFO | CI | === RUN START ===
2026-03-31 21:51:15 | INFO | CI | project=MODULE 4: EVTL PIPELINE
2026-03-31 21:51:15 | INFO | CI | repo_dir=nlp-04-api-text-data
2026-03-31 21:51:15 | INFO | CI | python=3.14.0
2026-03-31 21:51:15 | INFO | CI | os=Windows 11
2026-03-31 21:51:15 | INFO | CI | shell=powershell
2026-03-31 21:51:15 | INFO | CI | cwd=.
2026-03-31 21:51:15 | INFO | CI | github_actions=False
2026-03-31 21:51:15 | INFO | CI | START PIPELINE
2026-03-31 21:51:15 | INFO | CI | ROOT_PATH = .
2026-03-31 21:51:15 | INFO | CI | DATA_PATH = data
2026-03-31 21:51:15 | INFO | CI | RAW_PATH = data\raw
2026-03-31 21:51:15 | INFO | CI | PROCESSED_PATH = data\processed
2026-03-31 21:51:15 | INFO | CI | ========================
2026-03-31 21:51:15 | INFO | CI | STAGE 01: EXTRACT starting... 
2026-03-31 21:51:15 | INFO | CI | ========================
2026-03-31 21:51:15 | INFO | CI | SOURCE PATH = https://jsonplaceholder.typicode.com/posts
2026-03-31 21:51:15 | INFO | CI | SINK PATH = data\raw\kiruthikaa_raw.json
2026-03-31 21:51:15 | INFO | CI | ========================
2026-03-31 21:51:15 | INFO | CI | STAGE 02: VALIDATE starting...
2026-03-31 21:51:15 | INFO | CI | ========================
2026-03-31 21:51:15 | INFO | CI | JSON STRUCTURE INSPECTION:
2026-03-31 21:51:15 | INFO | CI | Top-level type: list
2026-03-31 21:51:15 | INFO | CI | Keys in first record: ['userId', 'id', 'title', 'body']
2026-03-31 21:51:15 | INFO | CI | Field types:
2026-03-31 21:51:15 | INFO | CI | userId: int
2026-03-31 21:51:15 | INFO | CI | id: int
2026-03-31 21:51:15 | INFO | CI | title: str
2026-03-31 21:51:15 | INFO | CI | body: str
2026-03-31 21:51:15 | INFO | CI | Custom validation: ensuring required fields exist.
2026-03-31 21:51:15 | INFO | CI | Total records validated: 100
2026-03-31 21:51:15 | INFO | CI | Sink: validated JSON object
2026-03-31 21:51:15 | INFO | CI | ========================
2026-03-31 21:51:15 | INFO | CI | STAGE 03: TRANSFORM starting...
2026-03-31 21:51:15 | INFO | CI | ========================
2026-03-31 21:51:15 | INFO | CI | Transformation complete.
2026-03-31 21:51:15 | INFO | CI | DataFrame preview:
shape: (5, 7)
┌─────────┬─────────┬──────────────┬──────────────┬─────────────┬─────────────┬────────────┐
│ user_id ┆ post_id ┆ title        ┆ body         ┆ title_lengt ┆ body_length ┆ word_count │
│ ---     ┆ ---     ┆ ---          ┆ ---          ┆ h           ┆ ---         ┆ ---        │
│ i64     ┆ i64     ┆ str          ┆ str          ┆ ---         ┆ u32         ┆ u32        │
│         ┆         ┆              ┆              ┆ u32         ┆             ┆            │
╞═════════╪═════════╪══════════════╪══════════════╪═════════════╪═════════════╪════════════╡
│ 1       ┆ 1       ┆ sunt aut     ┆ quia et      ┆ 74          ┆ 158         ┆ 20         │
│         ┆         ┆ facere       ┆ suscipit     ┆             ┆             ┆            │
│         ┆         ┆ repellat     ┆ suscipit     ┆             ┆             ┆            │
│         ┆         ┆ provi…       ┆ recu…        ┆             ┆             ┆            │
│ 1       ┆ 2       ┆ qui est esse ┆ est rerum    ┆ 12          ┆ 206         ┆ 28         │
│         ┆         ┆              ┆ tempore      ┆             ┆             ┆            │
│         ┆         ┆              ┆ vitae        ┆             ┆             ┆            │
│         ┆         ┆              ┆ sequi …      ┆             ┆             ┆            │
│ 1       ┆ 3       ┆ ea molestias ┆ et iusto sed ┆ 59          ┆ 164         ┆ 23         │
│         ┆         ┆ quasi        ┆ quo iure     ┆             ┆             ┆            │
│         ┆         ┆ exercitatio… ┆ voluptat…    ┆             ┆             ┆            │
│ 1       ┆ 4       ┆ eum et est   ┆ ullam et     ┆ 20          ┆ 190         ┆ 25         │
│         ┆         ┆ occaecati    ┆ saepe        ┆             ┆             ┆            │
│         ┆         ┆              ┆ reiciendis   ┆             ┆             ┆            │
│         ┆         ┆              ┆ volu…        ┆             ┆             ┆            │
│ 1       ┆ 5       ┆ nesciunt     ┆ repudiandae  ┆ 18          ┆ 147         ┆ 20         │
│         ┆         ┆ quas odio    ┆ veniam       ┆             ┆             ┆            │
│         ┆         ┆              ┆ quaerat sun… ┆             ┆             ┆            │
└─────────┴─────────┴──────────────┴──────────────┴─────────────┴─────────────┴────────────┘
2026-03-31 21:51:15 | INFO | CI | Sink: Polars DataFrame created
2026-03-31 21:51:15 | INFO | CI | ========================
2026-03-31 21:51:15 | INFO | CI | STAGE 04: LOAD starting...
2026-03-31 21:51:15 | INFO | CI | ========================
2026-03-31 21:51:15 | INFO | CI | SINK PATH = data\processed\kiruthikaa_processed.csv
2026-03-31 21:51:15 | INFO | CI | ========================
2026-03-31 21:51:15 | INFO | CI | Pipeline executed successfully!
2026-03-31 21:51:15 | INFO | CI | ========================
2026-03-31 22:10:41 | INFO | CI | === RUN START ===
2026-03-31 22:10:41 | INFO | CI | project=MODULE 4: EVTL PIPELINE
2026-03-31 22:10:41 | INFO | CI | repo_dir=nlp-04-api-text-data
2026-03-31 22:10:41 | INFO | CI | python=3.14.0
2026-03-31 22:10:41 | INFO | CI | os=Windows 11
2026-03-31 22:10:41 | INFO | CI | shell=powershell
2026-03-31 22:10:41 | INFO | CI | cwd=.
2026-03-31 22:10:41 | INFO | CI | github_actions=False
2026-03-31 22:10:41 | INFO | CI | START PIPELINE
2026-03-31 22:10:41 | INFO | CI | ROOT_PATH = .
2026-03-31 22:10:41 | INFO | CI | DATA_PATH = data
2026-03-31 22:10:41 | INFO | CI | RAW_PATH = data\raw
2026-03-31 22:10:41 | INFO | CI | PROCESSED_PATH = data\processed
2026-03-31 22:10:41 | INFO | CI | ========================
2026-03-31 22:10:41 | INFO | CI | STAGE 01: EXTRACT starting... 
2026-03-31 22:10:41 | INFO | CI | ========================
2026-03-31 22:10:41 | INFO | CI | SOURCE PATH = https://jsonplaceholder.typicode.com/posts
2026-03-31 22:10:41 | INFO | CI | SINK PATH = data\raw\kiruthikaa_raw.json
2026-03-31 22:10:41 | INFO | CI | ========================
2026-03-31 22:10:41 | INFO | CI | STAGE 02: VALIDATE starting...
2026-03-31 22:10:41 | INFO | CI | ========================
2026-03-31 22:10:41 | INFO | CI | JSON STRUCTURE INSPECTION:
2026-03-31 22:10:41 | INFO | CI | Top-level type: list
2026-03-31 22:10:41 | INFO | CI | Keys in first record: ['userId', 'id', 'title', 'body']
2026-03-31 22:10:41 | INFO | CI | Field types:
2026-03-31 22:10:41 | INFO | CI | userId: int
2026-03-31 22:10:41 | INFO | CI | id: int
2026-03-31 22:10:41 | INFO | CI | title: str
2026-03-31 22:10:41 | INFO | CI | body: str
2026-03-31 22:10:41 | INFO | CI | Custom validation: ensuring required fields exist.
2026-03-31 22:10:41 | INFO | CI | Total records validated: 100
2026-03-31 22:10:41 | INFO | CI | Sink: validated JSON object
2026-03-31 22:10:41 | INFO | CI | ========================
2026-03-31 22:10:41 | INFO | CI | STAGE 03: TRANSFORM starting...
2026-03-31 22:10:41 | INFO | CI | ========================
2026-03-31 22:10:41 | INFO | CI | Transformation complete.
2026-03-31 22:10:41 | INFO | CI | Columns created: ['user_id', 'post_id', 'title', 'body', 'title_length', 'body_length', 'word_count', 'title_word_count']
2026-03-31 22:10:41 | INFO | CI | Total transformed rows: 100
2026-03-31 22:10:41 | INFO | CI | DataFrame preview:
shape: (5, 8)
┌─────────┬─────────┬───────────┬───────────┬───────────┬───────────┬───────────┬──────────┐
│ user_id ┆ post_id ┆ title     ┆ body      ┆ title_len ┆ body_leng ┆ word_coun ┆ title_wo │
│ ---     ┆ ---     ┆ ---       ┆ ---       ┆ gth       ┆ th        ┆ t         ┆ rd_count │
│ i64     ┆ i64     ┆ str       ┆ str       ┆ ---       ┆ ---       ┆ ---       ┆ ---      │
│         ┆         ┆           ┆           ┆ u32       ┆ u32       ┆ u32       ┆ u32      │
╞═════════╪═════════╪═══════════╪═══════════╪═══════════╪═══════════╪═══════════╪══════════╡
│ 1       ┆ 1       ┆ sunt aut  ┆ quia et   ┆ 74        ┆ 158       ┆ 20        ┆ 9        │
│         ┆         ┆ facere    ┆ suscipit  ┆           ┆           ┆           ┆          │
│         ┆         ┆ repellat  ┆ suscipit  ┆           ┆           ┆           ┆          │
│         ┆         ┆ provi…    ┆ recu…     ┆           ┆           ┆           ┆          │
│ 1       ┆ 2       ┆ qui est   ┆ est rerum ┆ 12        ┆ 206       ┆ 28        ┆ 3        │
│         ┆         ┆ esse      ┆ tempore   ┆           ┆           ┆           ┆          │
│         ┆         ┆           ┆ vitae     ┆           ┆           ┆           ┆          │
│         ┆         ┆           ┆ sequi …   ┆           ┆           ┆           ┆          │
│ 1       ┆ 3       ┆ ea        ┆ et iusto  ┆ 59        ┆ 164       ┆ 23        ┆ 9        │
│         ┆         ┆ molestias ┆ sed quo   ┆           ┆           ┆           ┆          │
│         ┆         ┆ quasi exe ┆ iure      ┆           ┆           ┆           ┆          │
│         ┆         ┆ rcitatio… ┆ voluptat… ┆           ┆           ┆           ┆          │
│ 1       ┆ 4       ┆ eum et    ┆ ullam et  ┆ 20        ┆ 190       ┆ 25        ┆ 4        │
│         ┆         ┆ est       ┆ saepe rei ┆           ┆           ┆           ┆          │
│         ┆         ┆ occaecati ┆ ciendis   ┆           ┆           ┆           ┆          │
│         ┆         ┆           ┆ volu…     ┆           ┆           ┆           ┆          │
│ 1       ┆ 5       ┆ nesciunt  ┆ repudiand ┆ 18        ┆ 147       ┆ 20        ┆ 3        │
│         ┆         ┆ quas odio ┆ ae veniam ┆           ┆           ┆           ┆          │
│         ┆         ┆           ┆ quaerat   ┆           ┆           ┆           ┆          │
│         ┆         ┆           ┆ sun…      ┆           ┆           ┆           ┆          │
└─────────┴─────────┴───────────┴───────────┴───────────┴───────────┴───────────┴──────────┘
2026-03-31 22:10:41 | INFO | CI | Sink: Polars DataFrame created
2026-03-31 22:10:41 | INFO | CI | ========================
2026-03-31 22:10:41 | INFO | CI | STAGE 04: LOAD starting...
2026-03-31 22:10:41 | INFO | CI | ========================
2026-03-31 22:10:41 | INFO | CI | SINK PATH = data\processed\kiruthikaa_processed.csv
2026-03-31 22:10:41 | INFO | CI | ========================
2026-03-31 22:10:41 | INFO | CI | Pipeline executed successfully!
2026-03-31 22:10:41 | INFO | CI | ========================
